*yarn.lock
*README.md
*readme.markdown
*README_js.md
*Readme.md
*readme.md
*Makefile
*BASELINE
*History.md
*CHANGES.md
*CHANGELOG.md
*CHANGELOG
*LICENSE
*LICENSE.txt
*LICENSE-MIT.txt
*license.md
*License.md
*LICENSE.md
*LICENSE-W3C.html
*AUTHORS
*AUTHORS.md
*__tests__/*
*node_modules/dynamoose/node_modules/aws-sdk/*
*node_modules/aws-sdk/*
*.gitignore
*.circleci/*
*.d.ts
*.d.ts.map
package.json
*.ts
*bower.json
*Gruntfile.js
*/test/*
*/tests/*
terraform/*
build/*
package-excludes.lst
bin/*
coverage/*
*yarn-error.log*